0 info it worked if it ends with ok
1 verbose cli [ 'C:\\Program Files\\nodejs\\node.exe',
1 verbose cli   'C:\\Program Files\\nodejs\\node_modules\\npm\\bin\\npm-cli.js',
1 verbose cli   'run',
1 verbose cli   'watch' ]
2 info using npm@3.10.10
3 info using node@v6.10.1
4 verbose run-script [ 'prewatch', 'watch', 'postwatch' ]
5 info lifecycle cotd@0.0.1~prewatch: cotd@0.0.1
6 silly lifecycle cotd@0.0.1~prewatch: no script for prewatch, continuing
7 info lifecycle cotd@0.0.1~watch: cotd@0.0.1
8 verbose lifecycle cotd@0.0.1~watch: unsafe-perm in lifecycle true
9 verbose lifecycle cotd@0.0.1~watch: PATH: C:\Program Files\nodejs\node_modules\npm\bin\node-gyp-bin;D:\react\catch-of-the-day\node_modules\.bin;C:\Users\Leo\bin;C:\Users\Leo\AppData\Local\GitHub\PortableGit_f02737a78695063deace08e96d5042710d3e32db\usr\local\bin;C:\Users\Leo\AppData\Local\GitHub\PortableGit_f02737a78695063deace08e96d5042710d3e32db\usr\bin;C:\Users\Leo\AppData\Local\GitHub\PortableGit_f02737a78695063deace08e96d5042710d3e32db\usr\bin;C:\Users\Leo\AppData\Local\GitHub\PortableGit_f02737a78695063deace08e96d5042710d3e32db\cmd;C:\Users\Leo\AppData\Local\GitHub\PortableGit_f02737a78695063deace08e96d5042710d3e32db\usr\bin;C:\Users\Leo\AppData\Local\GitHub\PortableGit_f02737a78695063deace08e96d5042710d3e32db\usr\share\git-tfs;C:\Users\Leo\AppData\Local\Apps\2.0\W4V8XQ4M.V0G\W0N4YA6P.VOO\gith..tion_317444273a93ac29_0003.0003_5794af8169eeff14;C:\Users\Leo\AppData\Local\GitHub\lfs-amd64_1.5.5;C:\ProgramData\Oracle\Java\javapath;C:\Program Files\Common Files\Microsoft Shared\Windows Live;C:\Program Files (x86)\Common Files\Microsoft Shared\Windows Live;C:\Program Files (x86)\Intel\iCLS Client;C:\Program Files\Intel\iCLS Client;C:\Windows\system32;C:\Windows;C:\Windows\System32\Wbem;C:\Windows\System32\WindowsPowerShell\v1.0;C:\Program Files\Intel\Intel(R) Management Engine Components\DAL;C:\Program Files\Intel\Intel(R) Management Engine Components\IPT;C:\Program Files (x86)\Intel\Intel(R) Management Engine Components\DAL;C:\Program Files (x86)\Intel\Intel(R) Management Engine Components\IPT;C:\Program Files (x86)\Intel\OpenCL SDK\2.0\bin\x86;C:\Program Files (x86)\Intel\OpenCL SDK\2.0\bin\x64;C:\Program Files\TortoiseSVN\bin;C:\Program Files\Java\jdk1.7.0_40\bin;C:\Program Files\Java\jre7\bin;C:\Program Files (x86)\Common Files\Acronis\SnapAPI;C:\xampp\php;C:\Program Files (x86)\Microchip\MPLAB C32 Suite\bin;C:\Program Files (x86)\HI-TECH Software\PICC-Lite\9.50\bin;C:\Program Files (x86)\Windows Live\Shared;C:\Program Files (x86)\ATI Technologies\ATI.ACE\Core-Static;C:\Program Files (x86)\AMD\ATI.ACE\Core-Static;C:\ProgramData\ComposerSetup\bin;C:\Program Files (x86)\Microsoft SQL Server\Client SDK\ODBC\130\Tools\Binn;C:\Program Files (x86)\Microsoft SQL Server\130\Tools\Binn;C:\Program Files (x86)\Microsoft SQL Server\130\DTS\Binn;C:\Program Files (x86)\Microsoft SQL Server\130\Tools\Binn\ManagementStudio;C:\Program Files (x86)\Skype\Phone;C:\Program Files\TortoiseGit\bin;C:\Program Files\nodejs;C:\Program Files\Git\cmd;C:\Users\Leo\AppData\Roaming\npm;C:\Users\Leo\AppData\Local\.meteor;C:\Program Files (x86)\Microsoft VS Code\bin;C:\Users\Leo\AppData\Local\Android\sdk\tools;C:\Users\Leo\AppData\Local\Android\sdk\platform-tools;C:\Program Files (x86)\MSBuild\14.0\bin;C:\Program Files (x86)\Microsoft SDKs\Windows\v8.1A\bin\NETFX 4.5.1 Tools\x64;C:\Users\Leo\AppData\Local\GitHub\PortableGit_f02737a78695063deace08e96d5042710d3e32db\usr\bin\vendor_perl;C:\Users\Leo\AppData\Local\GitHub\PortableGit_f02737a78695063deace08e96d5042710d3e32db\usr\bin\core_perl
10 verbose lifecycle cotd@0.0.1~watch: CWD: D:\react\catch-of-the-day
11 silly lifecycle cotd@0.0.1~watch: Args: [ '/d /s /c',
11 silly lifecycle   'concurrently --names "webpack, stylus" --prefix name "npm run start" "npm run styles:watch"' ]
12 silly lifecycle cotd@0.0.1~watch: Returned: code: 1  signal: null
13 info lifecycle cotd@0.0.1~watch: Failed to exec watch script
14 verbose stack Error: cotd@0.0.1 watch: `concurrently --names "webpack, stylus" --prefix name "npm run start" "npm run styles:watch"`
14 verbose stack Exit status 1
14 verbose stack     at EventEmitter.<anonymous> (C:\Program Files\nodejs\node_modules\npm\lib\utils\lifecycle.js:255:16)
14 verbose stack     at emitTwo (events.js:106:13)
14 verbose stack     at EventEmitter.emit (events.js:191:7)
14 verbose stack     at ChildProcess.<anonymous> (C:\Program Files\nodejs\node_modules\npm\lib\utils\spawn.js:40:14)
14 verbose stack     at emitTwo (events.js:106:13)
14 verbose stack     at ChildProcess.emit (events.js:191:7)
14 verbose stack     at maybeClose (internal/child_process.js:886:16)
14 verbose stack     at Process.ChildProcess._handle.onexit (internal/child_process.js:226:5)
15 verbose pkgid cotd@0.0.1
16 verbose cwd D:\react\catch-of-the-day
17 error Windows_NT 6.1.7601
18 error argv "C:\\Program Files\\nodejs\\node.exe" "C:\\Program Files\\nodejs\\node_modules\\npm\\bin\\npm-cli.js" "run" "watch"
19 error node v6.10.1
20 error npm  v3.10.10
21 error code ELIFECYCLE
22 error cotd@0.0.1 watch: `concurrently --names "webpack, stylus" --prefix name "npm run start" "npm run styles:watch"`
22 error Exit status 1
23 error Failed at the cotd@0.0.1 watch script 'concurrently --names "webpack, stylus" --prefix name "npm run start" "npm run styles:watch"'.
23 error Make sure you have the latest version of node.js and npm installed.
23 error If you do, this is most likely a problem with the cotd package,
23 error not with npm itself.
23 error Tell the author that this fails on your system:
23 error     concurrently --names "webpack, stylus" --prefix name "npm run start" "npm run styles:watch"
23 error You can get information on how to open an issue for this project with:
23 error     npm bugs cotd
23 error Or if that isn't available, you can get their info via:
23 error     npm owner ls cotd
23 error There is likely additional logging output above.
24 verbose exit [ 1, true ]
